<?xml version="1.0" encoding="UTF-8"?>
<testsuite xmlns:xsi="http://www.w3.org/2001/XMLSchema-instance" xsi:noNamespaceSchemaLocation="https://maven.apache.org/surefire/maven-surefire-plugin/xsd/surefire-test-report.xsd" name="TestSuite" time="11.054" tests="3" errors="0" skipped="0" failures="0">
  <properties>
[...]
</properties>
  <testcase name="testcase1" classname="Test.SampleTest" time="0.004"/>
  <testcase name="testcase2" classname="Test.SampleTest" time="0"/>
  <testcase name="testcase3" classname="Test.SampleTest" time="0"/>
</testsuite>