<?xml version="1.0" encoding="UTF-8"?>
<testng-results ignored="0" total="3" passed="3" failed="0" skipped="0">
  <reporter-output>
  </reporter-output>
  <suite started-at="2024-03-16T13:08:28 EDT" name="Suite" finished-at="2024-03-16T13:08:38 EDT" duration-ms="10154">
    <groups>
    </groups>
    <test started-at="2024-03-16T13:08:28 EDT" name="Test" finished-at="2024-03-16T13:08:38 EDT" duration-ms="10154">
      <class name="Test.SampleTest">
        <test-method is-config="true" signature="beforeMethod()[pri:0, instance:Test.SampleTest@53fdffa1]" started-at="2024-03-16T13:08:28 EDT" name="beforeMethod" finished-at="2024-03-16T13:08:34 EDT" duration-ms="5771" status="PASS">
          <reporter-output>
          </reporter-output>
        </test-method> <!-- beforeMethod -->
        <test-method signature="testcase1()[pri:0, instance:Test.SampleTest@53fdffa1]" started-at="2024-03-16T13:08:34 EDT" name="testcase1" finished-at="2024-03-16T13:08:34 EDT" duration-ms="2" status="PASS">
          <reporter-output>
          </reporter-output>
        </test-method> <!-- testcase1 -->
        <test-method is-config="true" signature="afterMethod()[pri:0, instance:Test.SampleTest@53fdffa1]" started-at="2024-03-16T13:08:34 EDT" name="afterMethod" finished-at="2024-03-16T13:08:34 EDT" duration-ms="136" status="PASS">
          <reporter-output>
          </reporter-output>
        </test-method> <!-- afterMethod -->
        <test-method is-config="true" signature="beforeMethod()[pri:0, instance:Test.SampleTest@53fdffa1]" started-at="2024-03-16T13:08:34 EDT" name="beforeMethod" finished-at="2024-03-16T13:08:36 EDT" duration-ms="1926" status="PASS">
          <reporter-output>
          </reporter-output>
        </test-method> <!-- beforeMethod -->
        <test-method signature="testcase2()[pri:0, instance:Test.SampleTest@53fdffa1]" started-at="2024-03-16T13:08:36 EDT" name="testcase2" finished-at="2024-03-16T13:08:36 EDT" duration-ms="1" status="PASS">
          <reporter-output>
          </reporter-output>
        </test-method> <!-- testcase2 -->
        <test-method is-config="true" signature="afterMethod()[pri:0, instance:Test.SampleTest@53fdffa1]" started-at="2024-03-16T13:08:36 EDT" name="afterMethod" finished-at="2024-03-16T13:08:36 EDT" duration-ms="159" status="PASS">
          <reporter-output>
          </reporter-output>
        </test-method> <!-- afterMethod -->
        <test-method is-config="true" signature="beforeMethod()[pri:0, instance:Test.SampleTest@53fdffa1]" started-at="2024-03-16T13:08:36 EDT" name="beforeMethod" finished-at="2024-03-16T13:08:38 EDT" duration-ms="1965" status="PASS">
          <reporter-output>
          </reporter-output>
        </test-method> <!-- beforeMethod -->
        <test-method signature="testcase3()[pri:0, instance:Test.SampleTest@53fdffa1]" started-at="2024-03-16T13:08:38 EDT" name="testcase3" finished-at="2024-03-16T13:08:38 EDT" duration-ms="0" status="PASS">
          <reporter-output>
          </reporter-output>
        </test-method> <!-- testcase3 -->
        <test-method is-config="true" signature="afterMethod()[pri:0, instance:Test.SampleTest@53fdffa1]" started-at="2024-03-16T13:08:38 EDT" name="afterMethod" finished-at="2024-03-16T13:08:38 EDT" duration-ms="146" status="PASS">
          <reporter-output>
          </reporter-output>
        </test-method> <!-- afterMethod -->
      </class> <!-- Test.SampleTest -->
    </test> <!-- Test -->
  </suite> <!-- Suite -->
</testng-results>
